
Found perl:
   /usr/bin/perl
   This is perl 5, version 30, subversion 0 (v5.30.0) built for x86_64-linux-gnu-thread-multi

Found java:
   /usr/local/java/jdk1.8.0_321/bin/java
   java version "1.8.0_321"

Found canu:
   /home/zmx/work/canu/build/bin/canu
   canu snapshot v2.3-development +13 changes (r10284 08b0347f8655ed977a2ac75d35be198601bd7b3d)

Running job 1 based on command line options.

Running block 000001 in query 000001

Running with these settings:
--filter-threshold = 1.0E-7
--help = false
--max-shift = 0.2
--min-olap-length = 500
--min-store-length = 0
--no-rc = false
--no-self = false
--no-tf = false
--num-hashes = 768
--num-min-matches = 2
--num-threads = 1
--ordered-kmer-size = 12
--ordered-sketch-size = 1536
--repeat-idf-scale = 10.0
--repeat-weight = 0.9
--settings = 0
--store-full-id = true
--supress-noise = 0
--threshold = 0.73
--version = false
-f = 
-h = false
-k = 16
-p = 
-q = queries/000001
-s = ./blocks/000001.dat

Processing files for storage in reverse index...
Stored 202 sequences in the index.
Processed 202 unique sequences (fwd and rev).
Time (s) to read and hash from file: 0.169743785
Time (s) to score and output to self: 0.14753749200000002
Total scoring time (s): 0.14838621600000002
Total time (s): 0.318213415
MinHash search time (s): 0.023558582
Total matches found: 424
Average number of matches per lookup: 4.198019801980198
Average number of table elements processed per lookup: 809.4257425742575
Average number of table elements processed per match: 192.81132075471697
Average % of hashed sequences hit per lookup: 8.905989608861876
Average % of hashed sequences hit that are matches: 23.33516785910842
Average % of hashed sequences fully compared that are matches: 80.0
