AC
left_index: 4068
right_index: 4625
repeate_num: 279
AG
left_index: 26680
right_index: 27419
repeate_num: 370
TA
left_index: 38394
right_index: 38765
repeate_num: 186
TG
left_index: 55431
right_index: 55904
repeate_num: 237
AT
left_index: 76715
right_index: 77324
repeate_num: 305
TCA
left_index: 31065
right_index: 31772
repeate_num: 236
AGT
left_index: 44300
right_index: 44776
repeate_num: 159
TTG
left_index: 44778
right_index: 45245
repeate_num: 156
CGC
left_index: 51763
right_index: 51951
repeate_num: 63
TCAT
left_index: 19029
right_index: 19824
repeate_num: 199
